<?xml version="1.0" encoding="UTF-8"?>
<testng-results skipped="0" failed="0" ignored="0" total="2" passed="2">
  <reporter-output>
  </reporter-output>
  <suite name="TestNG test automation suite" duration-ms="28068" started-at="2019-09-23T20:19:34Z" finished-at="2019-09-23T20:20:02Z">
    <groups>
    </groups>
    <test name="Different TestNG feature test" duration-ms="28068" started-at="2019-09-23T20:19:34Z" finished-at="2019-09-23T20:20:02Z">
      <class name="com.test.FacebookTest">
        <test-method status="PASS" signature="setUp(java.lang.String)[pri:0, instance:com.test.FacebookTest@61832929]" name="setUp" is-config="true" duration-ms="6098" started-at="2019-09-23T16:19:34Z" finished-at="2019-09-23T16:19:40Z">
          <params>
            <param index="0">
              <value>
                <![CDATA[https://www.facebook.com]]>
              </value>
            </param>
          </params>
          <reporter-output>
          </reporter-output>
        </test-method> <!-- setUp -->
        <test-method status="PASS" signature="Login(java.lang.String, java.lang.String)[pri:0, instance:com.test.FacebookTest@61832929]" name="Login" duration-ms="8672" started-at="2019-09-23T16:19:40Z" data-provider="myData1" finished-at="2019-09-23T16:19:49Z">
          <params>
            <param index="0">
              <value>
                <![CDATA[tonimagoswami@gmail.com]]>
              </value>
            </param>
            <param index="1">
              <value>
                <![CDATA[Victoria2017]]>
              </value>
            </param>
          </params>
          <reporter-output>
          </reporter-output>
        </test-method> <!-- Login -->
        <test-method status="PASS" signature="tearDown()[pri:0, instance:com.test.FacebookTest@61832929]" name="tearDown" is-config="true" duration-ms="298" started-at="2019-09-23T16:19:49Z" finished-at="2019-09-23T16:19:49Z">
          <reporter-output>
          </reporter-output>
        </test-method> <!-- tearDown -->
        <test-method status="PASS" signature="setUp(java.lang.String)[pri:0, instance:com.test.FacebookTest@61832929]" name="setUp" is-config="true" duration-ms="3966" started-at="2019-09-23T16:19:49Z" finished-at="2019-09-23T16:19:53Z">
          <params>
            <param index="0">
              <value>
                <![CDATA[https://www.facebook.com]]>
              </value>
            </param>
          </params>
          <reporter-output>
          </reporter-output>
        </test-method> <!-- setUp -->
        <test-method status="PASS" signature="Login(java.lang.String, java.lang.String)[pri:0, instance:com.test.FacebookTest@61832929]" name="Login" duration-ms="8744" started-at="2019-09-23T16:19:53Z" data-provider="myData1" finished-at="2019-09-23T16:20:02Z">
          <params>
            <param index="0">
              <value>
                <![CDATA[tanu_tanuut@yahoo.ca]]>
              </value>
            </param>
            <param index="1">
              <value>
                <![CDATA[flaskdjango#3344]]>
              </value>
            </param>
          </params>
          <reporter-output>
          </reporter-output>
        </test-method> <!-- Login -->
        <test-method status="PASS" signature="tearDown()[pri:0, instance:com.test.FacebookTest@61832929]" name="tearDown" is-config="true" duration-ms="247" started-at="2019-09-23T16:20:02Z" finished-at="2019-09-23T16:20:02Z">
          <reporter-output>
          </reporter-output>
        </test-method> <!-- tearDown -->
      </class> <!-- com.test.FacebookTest -->
    </test> <!-- Different TestNG feature test -->
  </suite> <!-- TestNG test automation suite -->
</testng-results>
